
 /----------------------------------------------------------------------------\
 |  yosys -- Yosys Open SYnthesis Suite                                       |
 |  Copyright (C) 2012 - 2026  Claire Xenia Wolf <claire@yosyshq.com>         |
 |  Distributed under an ISC-like license, type "license" to see terms        |
 \----------------------------------------------------------------------------/
 Yosys 0.66 (git sha1 7f8fdfd8d7bc08c749a2a969388d3425d4f369d5, clang++ 17.0.0 -fPIC -O3)

-- Executing script file `../model/design.ys' --

1. Executing Verilog-2005 frontend: cpu.sv
Parsing formal SystemVerilog input from `cpu.sv' to AST representation.
Storing AST representation for module `$abstract\cpu'.
Successfully finished Verilog frontend.

2. Executing Verilog-2005 frontend: cpu_assertions.sv
Parsing formal SystemVerilog input from `cpu_assertions.sv' to AST representation.
Storing AST representation for module `$abstract\cpu_assertions'.
Successfully finished Verilog frontend.

3. Executing Verilog-2005 frontend: cpu_formal.sv
Parsing formal SystemVerilog input from `cpu_formal.sv' to AST representation.
Storing AST representation for module `$abstract\cpu_formal'.
Successfully finished Verilog frontend.

4. Executing PREP pass.

4.1. Executing HIERARCHY pass (managing design hierarchy).

4.2. Executing AST frontend in derive mode using pre-parsed AST for module `\cpu_formal'.
Generating RTLIL representation for module `\cpu_formal'.

4.2.1. Analyzing design hierarchy..
Top module:  \cpu_formal

4.2.2. Executing AST frontend in derive mode using pre-parsed AST for module `\cpu_assertions'.
Generating RTLIL representation for module `\cpu_assertions'.

4.2.3. Executing AST frontend in derive mode using pre-parsed AST for module `\cpu'.
Generating RTLIL representation for module `\cpu'.

4.2.4. Analyzing design hierarchy..
Top module:  \cpu_formal
Used module:     \cpu_assertions
Used module:     \cpu

4.2.5. Analyzing design hierarchy..
Top module:  \cpu_formal
Used module:     \cpu_assertions
Used module:     \cpu
Removing unused module `$abstract\cpu_formal'.
Removing unused module `$abstract\cpu_assertions'.
Removing unused module `$abstract\cpu'.
Removed 3 unused modules.
Module cpu_assertions directly or indirectly contains formal properties -> setting "keep" attribute.
Module cpu_formal directly or indirectly contains formal properties -> setting "keep" attribute.

4.3. Executing PROC pass (convert processes to netlists).

4.3.1. Executing PROC_CLEAN pass (remove empty switches from decision trees).
Cleaned up 0 empty switches.

4.3.2. Executing PROC_RMDEAD pass (remove dead branches from decision trees).
Marked 1 switch rules as full_case in process $proc$cpu.sv:7$8 in module cpu.
Removed a total of 0 dead cases.

4.3.3. Executing PROC_PRUNE pass (remove redundant assignments in processes).
Removed 1 redundant assignment.
Promoted 3 assignments to connections.

4.3.4. Executing PROC_INIT pass (extract init attributes).
Found init rule in `\cpu_formal.$proc$cpu_formal.sv:19$3'.
  Set init value: \clk = 1'0

4.3.5. Executing PROC_ARST pass (detect async resets in processes).

4.3.6. Executing PROC_ROM pass (convert switches to ROMs).
Converted 0 switches.
<suppressed ~2 debug messages>

4.3.7. Executing PROC_MUX pass (convert decision trees to multiplexers).
Creating decoders for process `\cpu.$proc$cpu.sv:7$8'.
     1/1: $0\pc[31:0]
Creating decoders for process `\cpu_assertions.$proc$cpu_assertions.sv:7$5'.
     1/1: $assert$cpu_assertions.sv:9$6_EN
Creating decoders for process `\cpu_formal.$proc$cpu_formal.sv:22$4'.
Creating decoders for process `\cpu_formal.$proc$cpu_formal.sv:19$3'.
Creating decoders for process `\cpu_formal.$proc$cpu_formal.sv:20$1'.

4.3.8. Executing PROC_DLATCH pass (convert process syncs to latches).
No latch inferred for signal `\cpu_formal.\reset' from process `\cpu_formal.$proc$cpu_formal.sv:22$4'.
No latch inferred for signal `\cpu_formal.\clk' from process `\cpu_formal.$proc$cpu_formal.sv:20$1'.
Removing init bit 1'0 for non-memory siginal `\cpu_formal.\clk` in process `\cpu_formal.$proc$cpu_formal.sv:20$1`.

4.3.9. Executing PROC_DFF pass (convert process syncs to FFs).
Creating register for signal `\cpu.\pc' using process `\cpu.$proc$cpu.sv:7$8'.
  created $dff cell `$procdff$15' with positive edge clock.

4.3.10. Executing PROC_MEMWR pass (convert process memory writes to cells).

4.3.11. Executing PROC_CLEAN pass (remove empty switches from decision trees).
Found and cleaned up 1 empty switch in `\cpu.$proc$cpu.sv:7$8'.
Removing empty process `cpu.$proc$cpu.sv:7$8'.
Found and cleaned up 1 empty switch in `\cpu_assertions.$proc$cpu_assertions.sv:7$5'.
Removing empty process `cpu_assertions.$proc$cpu_assertions.sv:7$5'.
Removing empty process `cpu_formal.$proc$cpu_formal.sv:22$4'.
Removing empty process `cpu_formal.$proc$cpu_formal.sv:19$3'.
Removing empty process `cpu_formal.$proc$cpu_formal.sv:20$1'.
Cleaned up 2 empty switches.

4.3.12. Executing OPT_EXPR pass (perform const folding).
Optimizing module cpu.
Optimizing module cpu_assertions.
<suppressed ~1 debug messages>
Optimizing module cpu_formal.
Couldn't topologically sort cells, optimizing module cpu_formal may take a longer time.
<suppressed ~1 debug messages>

4.4. Executing FUTURE pass.

4.5. Executing OPT_EXPR pass (perform const folding).
Optimizing module cpu.
Optimizing module cpu_assertions.
Optimizing module cpu_formal.

4.6. Executing OPT_CLEAN pass (remove unused cells and wires).
Finding unused cells or wires in module \cpu..
Finding unused cells or wires in module \cpu_assertions..
Finding unused cells or wires in module \cpu_formal..
Removed 0 unused cells and 8 unused wires.
<suppressed ~3 debug messages>

4.7. Executing CHECK pass (checking for obvious problems).
Checking module cpu...
Checking module cpu_assertions...
Checking module cpu_formal...
Warning: Wire cpu_formal.\clk is used but has no driver.
Found and reported 1 problems.

4.8. Executing OPT pass (performing simple optimizations).

4.8.1. Executing OPT_EXPR pass (perform const folding).
Optimizing module cpu.
Optimizing module cpu_assertions.
Optimizing module cpu_formal.

4.8.2. Executing OPT_MERGE pass (detect identical cells).
Finding identical cells in module `\cpu'.
Computing hashes of 3 cells of `\cpu'.
Finding duplicate cells in `\cpu'.
Finding identical cells in module `\cpu_assertions'.
Computing hashes of 3 cells of `\cpu_assertions'.
Finding duplicate cells in `\cpu_assertions'.
Finding identical cells in module `\cpu_formal'.
Computing hashes of 2 cells of `\cpu_formal'.
Finding duplicate cells in `\cpu_formal'.
Removed a total of 0 cells.

4.8.3. Executing OPT_MUXTREE pass (detect dead branches in mux trees).
Running muxtree optimizer on module \cpu..
  Creating internal representation of mux trees.
  Evaluating internal representation of mux trees.
  Analyzing evaluation results.
Running muxtree optimizer on module \cpu_assertions..
  Creating internal representation of mux trees.
  Evaluating internal representation of mux trees.
  Analyzing evaluation results.
Running muxtree optimizer on module \cpu_formal..
  Creating internal representation of mux trees.
  No muxes found in this module.
Removed 0 multiplexer ports.
<suppressed ~4 debug messages>

4.8.4. Executing OPT_REDUCE pass (consolidate $*mux and $reduce_* inputs).
  Optimizing cells in module \cpu.
  Optimizing cells in module \cpu_assertions.
  Optimizing cells in module \cpu_formal.
Performed a total of 0 changes.

4.8.5. Executing OPT_MERGE pass (detect identical cells).
Finding identical cells in module `\cpu'.
Computing hashes of 3 cells of `\cpu'.
Finding duplicate cells in `\cpu'.
Finding identical cells in module `\cpu_assertions'.
Computing hashes of 3 cells of `\cpu_assertions'.
Finding duplicate cells in `\cpu_assertions'.
Finding identical cells in module `\cpu_formal'.
Computing hashes of 2 cells of `\cpu_formal'.
Finding duplicate cells in `\cpu_formal'.
Removed a total of 0 cells.

4.8.6. Executing OPT_CLEAN pass (remove unused cells and wires).
Finding unused cells or wires in module \cpu..
Finding unused cells or wires in module \cpu_assertions..
Finding unused cells or wires in module \cpu_formal..

4.8.7. Executing OPT_EXPR pass (perform const folding).
Optimizing module cpu.
Optimizing module cpu_assertions.
Optimizing module cpu_formal.

4.8.8. Finished fast OPT passes. (There is nothing left to do.)

4.9. Executing WREDUCE pass (reducing word size of cells).
Removed top 29 bits (of 32) from port B of cell cpu.$add$cpu.sv:11$9 ($add).

4.10. Executing OPT_CLEAN pass (remove unused cells and wires).
Finding unused cells or wires in module \cpu..
Finding unused cells or wires in module \cpu_assertions..
Finding unused cells or wires in module \cpu_formal..

4.11. Executing MEMORY_COLLECT pass (generating $mem cells).

4.12. Executing OPT pass (performing simple optimizations).

4.12.1. Executing OPT_EXPR pass (perform const folding).
Optimizing module cpu.
Optimizing module cpu_assertions.
Optimizing module cpu_formal.

4.12.2. Executing OPT_MERGE pass (detect identical cells).
Finding identical cells in module `\cpu'.
Computing hashes of 3 cells of `\cpu'.
Finding duplicate cells in `\cpu'.
Finding identical cells in module `\cpu_assertions'.
Computing hashes of 3 cells of `\cpu_assertions'.
Finding duplicate cells in `\cpu_assertions'.
Finding identical cells in module `\cpu_formal'.
Computing hashes of 2 cells of `\cpu_formal'.
Finding duplicate cells in `\cpu_formal'.
Removed a total of 0 cells.

4.12.3. Executing OPT_CLEAN pass (remove unused cells and wires).
Finding unused cells or wires in module \cpu..
Finding unused cells or wires in module \cpu_assertions..
Finding unused cells or wires in module \cpu_formal..

4.12.4. Finished fast OPT passes.

4.13. Executing SORT pass.

4.14. Printing statistics.

=== cpu ===

        +----------Local Count, excluding submodules.
        | 
        5 wires
       98 wire bits
        3 public wires
       34 public wire bits
        3 ports
       34 port bits
        3 cells
        1   $add
        1   $dff
        1   $mux

=== cpu_assertions ===

        +----------Local Count, excluding submodules.
        | 
        5 wires
       36 wire bits
        3 public wires
       34 public wire bits
        3 ports
       34 port bits
        3 cells
        1   $check
        1   $logic_not
        1   $mux

=== cpu_formal ===

        +----------Local Count, excluding submodules.
        | 
        3 wires
       34 wire bits
        3 public wires
       34 public wire bits
        2 submodules
        1   cpu
        1   cpu_assertions

=== design hierarchy ===

        +----------Count including submodules.
        | 
        6 cpu_formal
        3 cpu
        3 cpu_assertions

        +----------Count including submodules.
        | 
       13 wires
      168 wire bits
        9 public wires
      102 public wire bits
        6 ports
       68 port bits
        - memories
        - memory bits
        - processes
        6 cells
        1   $add
        1   $check
        1   $dff
        1   $logic_not
        2   $mux
        2 submodules
        1   cpu
        1   cpu_assertions

4.15. Executing CHECK pass (checking for obvious problems).
Checking module cpu...
Checking module cpu_assertions...
Checking module cpu_formal...
Warning: Wire cpu_formal.\clk is used but has no driver.
Found and reported 1 problems.

5. Executing HIERARCHY pass (managing design hierarchy).
Attribute `top' found on module `cpu_formal'. Setting top module to cpu_formal.

5.1. Analyzing design hierarchy..
Top module:  \cpu_formal
Used module:     \cpu
Used module:     \cpu_assertions

5.2. Analyzing design hierarchy..
Top module:  \cpu_formal
Used module:     \cpu
Used module:     \cpu_assertions
Removed 0 unused modules.
Module cpu_assertions directly or indirectly contains formal properties -> setting "keep" attribute.
Module cpu_formal directly or indirectly contains formal properties -> setting "keep" attribute.

6. Executing jny backend.

7. Executing RTLIL backend.
Output filename: ../model/design.il

Warnings: 1 unique messages, 2 total
End of script. Logfile hash: c194e335cd, time: 0.02s, user: 0.01s, system: 0.01s, MEM: 13.16 MB peak
Yosys 0.66 (git sha1 7f8fdfd8d7bc08c749a2a969388d3425d4f369d5, clang++ 17.0.0 -fPIC -O3)
Time spent: 18% 6x read_verilog (0 sec), 14% 2x hierarchy (0 sec), ...
