
 /----------------------------------------------------------------------------\
 |  yosys -- Yosys Open SYnthesis Suite                                       |
 |  Copyright (C) 2012 - 2026  Claire Xenia Wolf <claire@yosyshq.com>         |
 |  Distributed under an ISC-like license, type "license" to see terms        |
 \----------------------------------------------------------------------------/
 Yosys 0.66 (git sha1 7f8fdfd8d7bc08c749a2a969388d3425d4f369d5, clang++ 17.0.0 -fPIC -O3)

-- Executing script file `design_prep.ys' --

1. Executing RTLIL frontend.
Input filename: design.il

2. Executing SCC pass (detecting logic loops).
Found 0 SCCs in module cpu.
Found 0 SCCs in module cpu_assertions.
Found 0 SCCs in module cpu_formal.
Found 0 SCCs.

3. Executing SIMPLEMAP pass (map simple cells to gate primitives).

4. Executing MEMORY_NORDFF pass (extracting $dff cells from memories).

5. Executing ASYNC2SYNC pass.

6. Executing OPT_CLEAN pass (remove unused cells and wires).
Finding unused cells or wires in module \cpu..
Finding unused cells or wires in module \cpu_assertions..
Finding unused cells or wires in module \cpu_formal..
Removed 3 unused cells and 3 unused wires.
<suppressed ~4 debug messages>

7. Executing FORMALFF pass.

8. Executing OPT_CLEAN pass (remove unused cells and wires).
Finding unused cells or wires in module \cpu..
Finding unused cells or wires in module \cpu_assertions..
Finding unused cells or wires in module \cpu_formal..
Removed 2 unused cells and 2 unused wires.
<suppressed ~4 debug messages>

9. Executing CHECK pass (checking for obvious problems).
Checking module cpu...
Checking module cpu_assertions...
Checking module cpu_formal...
Warning: Wire cpu_formal.\clk is used but has no driver.
Found and reported 1 problems.

10. Executing SETUNDEF pass (replace undef values with defined constants).

11. Executing OPT pass (performing simple optimizations).

11.1. Executing OPT_EXPR pass (perform const folding).
Optimizing module cpu.
Optimizing module cpu_assertions.
Optimizing module cpu_formal.

11.2. Executing OPT_MERGE pass (detect identical cells).
Finding identical cells in module `\cpu'.
Computing hashes of 3 cells of `\cpu'.
Finding duplicate cells in `\cpu'.
Finding identical cells in module `\cpu_assertions'.
Computing hashes of 5 cells of `\cpu_assertions'.
Finding duplicate cells in `\cpu_assertions'.
Finding identical cells in module `\cpu_formal'.
Computing hashes of 3 cells of `\cpu_formal'.
Finding duplicate cells in `\cpu_formal'.
Removed a total of 0 cells.

11.3. Executing OPT_DFF pass (perform DFF optimizations).

11.4. Executing OPT_CLEAN pass (remove unused cells and wires).
Finding unused cells or wires in module \cpu..
Finding unused cells or wires in module \cpu_assertions..
Finding unused cells or wires in module \cpu_formal..
Removed 0 unused cells and 1 unused wires.
<suppressed ~1 debug messages>

11.5. Finished fast OPT passes.

12. Executing OPT_CLEAN pass (remove unused cells and wires).
Finding unused cells or wires in module \cpu..
Finding unused cells or wires in module \cpu_assertions..
Finding unused cells or wires in module \cpu_formal..

13. Executing RTLIL backend.
Output filename: ../model/design_prep.il

Warnings: 1 unique messages, 1 total
End of script. Logfile hash: f2edaeba5a, time: 0.00s, user: 0.01s, system: 0.00s, MEM: 11.83 MB peak
Yosys 0.66 (git sha1 7f8fdfd8d7bc08c749a2a969388d3425d4f369d5, clang++ 17.0.0 -fPIC -O3)
Time spent: 19% 1x setundef (0 sec), 18% 4x opt_clean (0 sec), ...
